NasaClient/app/build/intermediates/manifest_merge_blame_file/debug/processDebugMainManifest/manifest-merger-blame-debug-report.txt
1<?xml version="1.0" encoding="utf-8"?>
2<manifest xmlns:android="http://schemas.android.com/apk/res/android"
3    package="com.example.nasaclient"
4    android:versionCode="1"
5    android:versionName="1.0" >
6
7    <uses-sdk
8        android:minSdkVersion="24"
9        android:targetSdkVersion="34" />
10
11    <!-- Thêm quyền truy cập Internet -->
12    <uses-permission android:name="android.permission.INTERNET" />
12-->src/main/AndroidManifest.xml:6:5-66
12-->src/main/AndroidManifest.xml:6:22-64
13    <uses-permission android:name="android.permission.READ_EXTERNAL_STORAGE" />
13-->src/main/AndroidManifest.xml:7:5-80
13-->src/main/AndroidManifest.xml:7:22-77
14    <uses-permission android:name="android.permission.READ_MEDIA_IMAGES" />
14-->src/main/AndroidManifest.xml:8:5-76
14-->src/main/AndroidManifest.xml:8:22-73
15
16    <permission
16-->[androidx.core:core:1.13.0] AndroidManifest.xml:22:5-24:47
17        android:name="com.example.nasaclient.DYNAMIC_RECEIVER_NOT_EXPORTED_PERMISSION"
17-->[androidx.core:core:1.13.0] AndroidManifest.xml:23:9-81
18        android:protectionLevel="signature" />
18-->[androidx.core:core:1.13.0] AndroidManifest.xml:24:9-44
19
20    <uses-permission android:name="com.example.nasaclient.DYNAMIC_RECEIVER_NOT_EXPORTED_PERMISSION" />
20-->[androidx.core:core:1.13.0] AndroidManifest.xml:26:5-97
20-->[androidx.core:core:1.13.0] AndroidManifest.xml:26:22-94
21
22    <application
22-->src/main/AndroidManifest.xml:9:5-103:19
23        android:allowBackup="true"
23-->src/main/AndroidManifest.xml:10:9-35
24        android:appComponentFactory="androidx.core.app.CoreComponentFactory"
24-->[androidx.core:core:1.13.0] AndroidManifest.xml:28:18-86
25        android:dataExtractionRules="@xml/data_extraction_rules"
25-->src/main/AndroidManifest.xml:11:9-65
26        android:debuggable="true"
27        android:extractNativeLibs="false"
28        android:fullBackupContent="@xml/backup_rules"
28-->src/main/AndroidManifest.xml:12:9-54
29        android:icon="@mipmap/ic_launcher"
29-->src/main/AndroidManifest.xml:13:9-43
30        android:label="@string/app_name"
30-->src/main/AndroidManifest.xml:14:9-41
31        android:roundIcon="@mipmap/ic_launcher_round"
31-->src/main/AndroidManifest.xml:15:9-54
32        android:supportsRtl="true"
32-->src/main/AndroidManifest.xml:16:9-35
33        android:theme="@style/Theme.NasaClient"
33-->src/main/AndroidManifest.xml:17:9-48
34        android:usesCleartextTraffic="true" >
34-->src/main/AndroidManifest.xml:18:9-44
35        <activity
35-->src/main/AndroidManifest.xml:21:9-23:40
36            android:name="com.example.nasaclient.PlanetInfoActivity"
36-->src/main/AndroidManifest.xml:22:13-47
37            android:exported="false" />
37-->src/main/AndroidManifest.xml:23:13-37
38        <activity
38-->src/main/AndroidManifest.xml:24:9-26:40
39            android:name="com.example.nasaclient.HelpAndSupportActivity"
39-->src/main/AndroidManifest.xml:25:13-51
40            android:exported="false" />
40-->src/main/AndroidManifest.xml:26:13-37
41        <activity
41-->src/main/AndroidManifest.xml:27:9-29:40
42            android:name="com.example.nasaclient.LegalAndPoliciesActivity"
42-->src/main/AndroidManifest.xml:28:13-53
43            android:exported="false" />
43-->src/main/AndroidManifest.xml:29:13-37
44        <activity
44-->src/main/AndroidManifest.xml:30:9-32:40
45            android:name="com.example.nasaclient.LanguageActivity"
45-->src/main/AndroidManifest.xml:31:13-45
46            android:exported="false" />
46-->src/main/AndroidManifest.xml:32:13-37
47        <activity
47-->src/main/AndroidManifest.xml:33:9-35:40
48            android:name="com.example.nasaclient.SecurityActivity"
48-->src/main/AndroidManifest.xml:34:13-45
49            android:exported="false" />
49-->src/main/AndroidManifest.xml:35:13-37
50        <activity
50-->src/main/AndroidManifest.xml:36:9-38:40
51            android:name="com.example.nasaclient.NotificationActivity"
51-->src/main/AndroidManifest.xml:37:13-49
52            android:exported="false" />
52-->src/main/AndroidManifest.xml:38:13-37
53        <activity
53-->src/main/AndroidManifest.xml:39:9-41:40
54            android:name="com.example.nasaclient.NotificationSettingActivity"
54-->src/main/AndroidManifest.xml:40:13-56
55            android:exported="false" />
55-->src/main/AndroidManifest.xml:41:13-37
56        <activity
56-->src/main/AndroidManifest.xml:42:9-44:40
57            android:name="com.example.nasaclient.MainActivity"
57-->src/main/AndroidManifest.xml:43:13-41
58            android:exported="false" />
58-->src/main/AndroidManifest.xml:44:13-37
59        <activity
59-->src/main/AndroidManifest.xml:45:9-47:40
60            android:name="com.example.nasaclient.PlanetActivity"
60-->src/main/AndroidManifest.xml:46:13-43
61            android:exported="false" />
61-->src/main/AndroidManifest.xml:47:13-37
62        <activity
62-->src/main/AndroidManifest.xml:48:9-52:55
63            android:name="com.example.nasaclient.SettingActivity"
63-->src/main/AndroidManifest.xml:49:13-44
64            android:exported="false"
64-->src/main/AndroidManifest.xml:50:13-37
65            android:label="Setting"
65-->src/main/AndroidManifest.xml:51:13-36
66            android:theme="@style/Theme.NasaClient" />
66-->src/main/AndroidManifest.xml:52:13-52
67        <activity
67-->src/main/AndroidManifest.xml:53:9-57:55
68            android:name="com.example.nasaclient.NewsActivity"
68-->src/main/AndroidManifest.xml:54:13-41
69            android:exported="false"
69-->src/main/AndroidManifest.xml:55:13-37
70            android:label="News"
70-->src/main/AndroidManifest.xml:56:13-33
71            android:theme="@style/Theme.NasaClient" />
71-->src/main/AndroidManifest.xml:57:13-52
72        <activity
72-->src/main/AndroidManifest.xml:58:9-67:20
73            android:name="com.example.nasaclient.OnBoardingActivity"
73-->src/main/AndroidManifest.xml:59:13-47
74            android:exported="true"
74-->src/main/AndroidManifest.xml:60:13-36
75            android:label="@string/app_name"
75-->src/main/AndroidManifest.xml:61:13-45
76            android:theme="@style/Theme.NasaClient" >
76-->src/main/AndroidManifest.xml:62:13-52
77            <intent-filter>
77-->src/main/AndroidManifest.xml:63:13-66:29
78                <action android:name="android.intent.action.MAIN" />
78-->src/main/AndroidManifest.xml:64:17-69
78-->src/main/AndroidManifest.xml:64:25-66
79
80                <category android:name="android.intent.category.LAUNCHER" />
80-->src/main/AndroidManifest.xml:65:17-77
80-->src/main/AndroidManifest.xml:65:27-74
81            </intent-filter>
82        </activity>
83        <activity
83-->src/main/AndroidManifest.xml:68:9-72:55
84            android:name="com.example.nasaclient.LoginActivity"
84-->src/main/AndroidManifest.xml:69:13-42
85            android:exported="false"
85-->src/main/AndroidManifest.xml:70:13-37
86            android:label="Login"
86-->src/main/AndroidManifest.xml:71:13-34
87            android:theme="@style/Theme.NasaClient" />
87-->src/main/AndroidManifest.xml:72:13-52
88        <activity
88-->src/main/AndroidManifest.xml:73:9-77:55
89            android:name="com.example.nasaclient.EditProfileActivity"
89-->src/main/AndroidManifest.xml:74:13-48
90            android:exported="false"
90-->src/main/AndroidManifest.xml:75:13-37
91            android:label="Edit Profile"
91-->src/main/AndroidManifest.xml:76:13-41
92            android:theme="@style/Theme.NasaClient" />
92-->src/main/AndroidManifest.xml:77:13-52
93        <activity
93-->src/main/AndroidManifest.xml:78:9-82:55
94            android:name="com.example.nasaclient.ChangePasswordActivity"
94-->src/main/AndroidManifest.xml:79:13-51
95            android:exported="false"
95-->src/main/AndroidManifest.xml:80:13-37
96            android:label="Change Password"
96-->src/main/AndroidManifest.xml:81:13-44
97            android:theme="@style/Theme.NasaClient" />
97-->src/main/AndroidManifest.xml:82:13-52
98        <activity
98-->src/main/AndroidManifest.xml:83:9-87:55
99            android:name="com.example.nasaclient.SignupActivity"
99-->src/main/AndroidManifest.xml:84:13-43
100            android:exported="false"
100-->src/main/AndroidManifest.xml:85:13-37
101            android:label="Sign Up"
101-->src/main/AndroidManifest.xml:86:13-36
102            android:theme="@style/Theme.NasaClient" />
102-->src/main/AndroidManifest.xml:87:13-52
103        <activity
103-->src/main/AndroidManifest.xml:88:9-92:55
104            android:name="com.example.nasaclient.DetailFragment"
104-->src/main/AndroidManifest.xml:89:13-43
105            android:exported="false"
105-->src/main/AndroidManifest.xml:90:13-37
106            android:label="Change"
106-->src/main/AndroidManifest.xml:91:13-35
107            android:theme="@style/Theme.NasaClient" />
107-->src/main/AndroidManifest.xml:92:13-52
108        <activity
108-->src/main/AndroidManifest.xml:93:9-97:55
109            android:name="com.example.nasaclient.NotifMainFragment"
109-->src/main/AndroidManifest.xml:94:13-46
110            android:exported="false"
110-->src/main/AndroidManifest.xml:95:13-37
111            android:label="Notif"
111-->src/main/AndroidManifest.xml:96:13-34
112            android:theme="@style/Theme.NasaClient" />
112-->src/main/AndroidManifest.xml:97:13-52
113        <activity
113-->src/main/AndroidManifest.xml:98:9-102:55
114            android:name="com.example.nasaclient.SeeAllFragment"
114-->src/main/AndroidManifest.xml:99:13-43
115            android:exported="false"
115-->src/main/AndroidManifest.xml:100:13-37
116            android:label="Change"
116-->src/main/AndroidManifest.xml:101:13-35
117            android:theme="@style/Theme.NasaClient" />
117-->src/main/AndroidManifest.xml:102:13-52
118        <activity
118-->[androidx.compose.ui:ui-tooling-android:1.6.6] AndroidManifest.xml:23:9-25:39
119            android:name="androidx.compose.ui.tooling.PreviewActivity"
119-->[androidx.compose.ui:ui-tooling-android:1.6.6] AndroidManifest.xml:24:13-71
120            android:exported="true" />
120-->[androidx.compose.ui:ui-tooling-android:1.6.6] AndroidManifest.xml:25:13-36
121        <activity
121-->[androidx.compose.ui:ui-test-manifest:1.6.6] AndroidManifest.xml:23:9-25:39
122            android:name="androidx.activity.ComponentActivity"
122-->[androidx.compose.ui:ui-test-manifest:1.6.6] AndroidManifest.xml:24:13-63
123            android:exported="true" />
123-->[androidx.compose.ui:ui-test-manifest:1.6.6] AndroidManifest.xml:25:13-36
124
125        <provider
125-->[androidx.emoji2:emoji2:1.3.0] AndroidManifest.xml:24:9-32:20
126            android:name="androidx.startup.InitializationProvider"
126-->[androidx.emoji2:emoji2:1.3.0] AndroidManifest.xml:25:13-67
127            android:authorities="com.example.nasaclient.androidx-startup"
127-->[androidx.emoji2:emoji2:1.3.0] AndroidManifest.xml:26:13-68
128            android:exported="false" >
128-->[androidx.emoji2:emoji2:1.3.0] AndroidManifest.xml:27:13-37
129            <meta-data
129-->[androidx.emoji2:emoji2:1.3.0] AndroidManifest.xml:29:13-31:52
130                android:name="androidx.emoji2.text.EmojiCompatInitializer"
130-->[androidx.emoji2:emoji2:1.3.0] AndroidManifest.xml:30:17-75
131                android:value="androidx.startup" />
131-->[androidx.emoji2:emoji2:1.3.0] AndroidManifest.xml:31:17-49
132            <meta-data
132-->[androidx.lifecycle:lifecycle-process:2.6.2] AndroidManifest.xml:29:13-31:52
133                android:name="androidx.lifecycle.ProcessLifecycleInitializer"
133-->[androidx.lifecycle:lifecycle-process:2.6.2] AndroidManifest.xml:30:17-78
134                android:value="androidx.startup" />
134-->[androidx.lifecycle:lifecycle-process:2.6.2] AndroidManifest.xml:31:17-49
135            <meta-data
135-->[androidx.profileinstaller:profileinstaller:1.3.1] AndroidManifest.xml:29:13-31:52
136                android:name="androidx.profileinstaller.ProfileInstallerInitializer"
136-->[androidx.profileinstaller:profileinstaller:1.3.1] AndroidManifest.xml:30:17-85
137                android:value="androidx.startup" />
137-->[androidx.profileinstaller:profileinstaller:1.3.1] AndroidManifest.xml:31:17-49
138        </provider>
139
140        <uses-library
140-->[androidx.window:window:1.0.0] AndroidManifest.xml:25:9-27:40
141            android:name="androidx.window.extensions"
141-->[androidx.window:window:1.0.0] AndroidManifest.xml:26:13-54
142            android:required="false" />
142-->[androidx.window:window:1.0.0] AndroidManifest.xml:27:13-37
143        <uses-library
143-->[androidx.window:window:1.0.0] AndroidManifest.xml:28:9-30:40
144            android:name="androidx.window.sidecar"
144-->[androidx.window:window:1.0.0] AndroidManifest.xml:29:13-51
145            android:required="false" />
145-->[androidx.window:window:1.0.0] AndroidManifest.xml:30:13-37
146
147        <receiver
147-->[androidx.profileinstaller:profileinstaller:1.3.1] AndroidManifest.xml:34:9-52:20
148            android:name="androidx.profileinstaller.ProfileInstallReceiver"
148-->[androidx.profileinstaller:profileinstaller:1.3.1] AndroidManifest.xml:35:13-76
149            android:directBootAware="false"
149-->[androidx.profileinstaller:profileinstaller:1.3.1] AndroidManifest.xml:36:13-44
150            android:enabled="true"
150-->[androidx.profileinstaller:profileinstaller:1.3.1] AndroidManifest.xml:37:13-35
151            android:exported="true"
151-->[androidx.profileinstaller:profileinstaller:1.3.1] AndroidManifest.xml:38:13-36
152            android:permission="android.permission.DUMP" >
152-->[androidx.profileinstaller:profileinstaller:1.3.1] AndroidManifest.xml:39:13-57
153            <intent-filter>
153-->[androidx.profileinstaller:profileinstaller:1.3.1] AndroidManifest.xml:40:13-42:29
154                <action android:name="androidx.profileinstaller.action.INSTALL_PROFILE" />
154-->[androidx.profileinstaller:profileinstaller:1.3.1] AndroidManifest.xml:41:17-91
154-->[androidx.profileinstaller:profileinstaller:1.3.1] AndroidManifest.xml:41:25-88
155            </intent-filter>
156            <intent-filter>
156-->[androidx.profileinstaller:profileinstaller:1.3.1] AndroidManifest.xml:43:13-45:29
157                <action android:name="androidx.profileinstaller.action.SKIP_FILE" />
157-->[androidx.profileinstaller:profileinstaller:1.3.1] AndroidManifest.xml:44:17-85
157-->[androidx.profileinstaller:profileinstaller:1.3.1] AndroidManifest.xml:44:25-82
158            </intent-filter>
159            <intent-filter>
159-->[androidx.profileinstaller:profileinstaller:1.3.1] AndroidManifest.xml:46:13-48:29
160                <action android:name="androidx.profileinstaller.action.SAVE_PROFILE" />
160-->[androidx.profileinstaller:profileinstaller:1.3.1] AndroidManifest.xml:47:17-88
160-->[androidx.profileinstaller:profileinstaller:1.3.1] AndroidManifest.xml:47:25-85
161            </intent-filter>
162            <intent-filter>
162-->[androidx.profileinstaller:profileinstaller:1.3.1] AndroidManifest.xml:49:13-51:29
163                <action android:name="androidx.profileinstaller.action.BENCHMARK_OPERATION" />
163-->[androidx.profileinstaller:profileinstaller:1.3.1] AndroidManifest.xml:50:17-95
163-->[androidx.profileinstaller:profileinstaller:1.3.1] AndroidManifest.xml:50:25-92
164            </intent-filter>
165        </receiver>
166    </application>
167
168</manifest>